{"E:\\Learning\\Self try\\Vodafone\\Backend\\src\\controllers\\Users.ts": {"path":"E:\\Learning\\Self try\\Vodafone\\Backend\\src\\controllers\\Users.ts","all":false,"statementMap":{"0":{"start":{"line":1,"column":0},"end":{"line":1,"column":30}},"1":{"start":{"line":2,"column":0},"end":{"line":2,"column":38}},"2":{"start":{"line":3,"column":0},"end":{"line":3,"column":0}},"3":{"start":{"line":4,"column":0},"end":{"line":4,"column":83}},"4":{"start":{"line":5,"column":0},"end":{"line":5,"column":7}},"5":{"start":{"line":6,"column":0},"end":{"line":6,"column":35}},"6":{"start":{"line":7,"column":0},"end":{"line":7,"column":45}},"7":{"start":{"line":8,"column":0},"end":{"line":8,"column":19}},"8":{"start":{"line":9,"column":0},"end":{"line":9,"column":23}},"9":{"start":{"line":10,"column":0},"end":{"line":10,"column":27}},"10":{"start":{"line":11,"column":0},"end":{"line":11,"column":3}},"11":{"start":{"line":12,"column":0},"end":{"line":12,"column":2}}},"s":{"0":2,"1":2,"2":2,"3":2,"4":6,"5":6,"6":3,"7":6,"8":6,"9":6,"10":6,"11":6},"branchMap":{"0":{"type":"branch","line":4,"loc":{"start":{"line":4,"column":27},"end":{"line":12,"column":2}},"locations":[{"start":{"line":4,"column":27},"end":{"line":12,"column":2}}]},"1":{"type":"branch","line":7,"loc":{"start":{"line":7,"column":-2},"end":{"line":8,"column":11}},"locations":[{"start":{"line":7,"column":-2},"end":{"line":8,"column":11}}]},"2":{"type":"branch","line":4,"loc":{"start":{"line":4,"column":81},"end":{"line":12,"column":2}},"locations":[{"start":{"line":4,"column":81},"end":{"line":12,"column":2}}]}},"b":{"0":[6],"1":[3],"2":[6]},"fnMap":{"0":{"name":"getAllUsers","decl":{"start":{"line":4,"column":27},"end":{"line":12,"column":2}},"loc":{"start":{"line":4,"column":27},"end":{"line":12,"column":2}},"line":4}},"f":{"0":6}}
,"E:\\Learning\\Self try\\Vodafone\\Backend\\src\\controllers\\polygon.ts": {"path":"E:\\Learning\\Self try\\Vodafone\\Backend\\src\\controllers\\polygon.ts","all":false,"statementMap":{"0":{"start":{"line":1,"column":0},"end":{"line":1,"column":30}},"1":{"start":{"line":2,"column":0},"end":{"line":2,"column":81}},"2":{"start":{"line":3,"column":0},"end":{"line":3,"column":0}},"3":{"start":{"line":4,"column":0},"end":{"line":4,"column":86}},"4":{"start":{"line":5,"column":0},"end":{"line":5,"column":7}},"5":{"start":{"line":6,"column":0},"end":{"line":6,"column":48}},"6":{"start":{"line":7,"column":0},"end":{"line":7,"column":63}},"7":{"start":{"line":8,"column":0},"end":{"line":8,"column":19}},"8":{"start":{"line":9,"column":0},"end":{"line":9,"column":23}},"9":{"start":{"line":10,"column":0},"end":{"line":10,"column":31}},"10":{"start":{"line":11,"column":0},"end":{"line":11,"column":3}},"11":{"start":{"line":12,"column":0},"end":{"line":12,"column":2}},"12":{"start":{"line":13,"column":0},"end":{"line":13,"column":0}},"13":{"start":{"line":14,"column":0},"end":{"line":14,"column":89}},"14":{"start":{"line":15,"column":0},"end":{"line":15,"column":7}},"15":{"start":{"line":16,"column":0},"end":{"line":16,"column":42}},"16":{"start":{"line":17,"column":0},"end":{"line":17,"column":64}},"17":{"start":{"line":18,"column":0},"end":{"line":18,"column":26}},"18":{"start":{"line":19,"column":0},"end":{"line":19,"column":50}},"19":{"start":{"line":20,"column":0},"end":{"line":20,"column":34}},"20":{"start":{"line":21,"column":0},"end":{"line":21,"column":6}},"21":{"start":{"line":22,"column":0},"end":{"line":22,"column":48}},"22":{"start":{"line":23,"column":0},"end":{"line":23,"column":19}},"23":{"start":{"line":24,"column":0},"end":{"line":24,"column":23}},"24":{"start":{"line":25,"column":0},"end":{"line":25,"column":31}},"25":{"start":{"line":26,"column":0},"end":{"line":26,"column":3}},"26":{"start":{"line":27,"column":0},"end":{"line":27,"column":2}},"27":{"start":{"line":28,"column":0},"end":{"line":28,"column":0}},"28":{"start":{"line":29,"column":0},"end":{"line":29,"column":82}},"29":{"start":{"line":30,"column":0},"end":{"line":30,"column":9}},"30":{"start":{"line":31,"column":0},"end":{"line":31,"column":37}},"31":{"start":{"line":32,"column":0},"end":{"line":32,"column":49}},"32":{"start":{"line":33,"column":0},"end":{"line":33,"column":49}},"33":{"start":{"line":34,"column":0},"end":{"line":34,"column":21}},"34":{"start":{"line":35,"column":0},"end":{"line":35,"column":25}},"35":{"start":{"line":36,"column":0},"end":{"line":36,"column":33}},"36":{"start":{"line":37,"column":0},"end":{"line":37,"column":5}},"37":{"start":{"line":38,"column":0},"end":{"line":38,"column":4}}},"s":{"0":2,"1":2,"2":2,"3":2,"4":3,"5":3,"6":3,"7":3,"8":0,"9":0,"10":0,"11":3,"12":2,"13":2,"14":3,"15":3,"16":3,"17":3,"18":0,"19":0,"20":3,"21":3,"22":3,"23":0,"24":0,"25":0,"26":3,"27":2,"28":2,"29":0,"30":0,"31":0,"32":0,"33":0,"34":0,"35":0,"36":0,"37":0},"branchMap":{"0":{"type":"branch","line":4,"loc":{"start":{"line":4,"column":30},"end":{"line":12,"column":2}},"locations":[{"start":{"line":4,"column":30},"end":{"line":12,"column":2}}]},"1":{"type":"branch","line":8,"loc":{"start":{"line":8,"column":4},"end":{"line":11,"column":3}},"locations":[{"start":{"line":8,"column":4},"end":{"line":11,"column":3}}]},"2":{"type":"branch","line":7,"loc":{"start":{"line":7,"column":48},"end":{"line":7,"column":60}},"locations":[{"start":{"line":7,"column":48},"end":{"line":7,"column":60}}]},"3":{"type":"branch","line":14,"loc":{"start":{"line":14,"column":33},"end":{"line":27,"column":2}},"locations":[{"start":{"line":14,"column":33},"end":{"line":27,"column":2}}]},"4":{"type":"branch","line":18,"loc":{"start":{"line":18,"column":25},"end":{"line":21,"column":5}},"locations":[{"start":{"line":18,"column":25},"end":{"line":21,"column":5}}]},"5":{"type":"branch","line":23,"loc":{"start":{"line":23,"column":4},"end":{"line":26,"column":3}},"locations":[{"start":{"line":23,"column":4},"end":{"line":26,"column":3}}]},"6":{"type":"branch","line":4,"loc":{"start":{"line":4,"column":84},"end":{"line":12,"column":2}},"locations":[{"start":{"line":4,"column":84},"end":{"line":12,"column":2}}]},"7":{"type":"branch","line":14,"loc":{"start":{"line":14,"column":87},"end":{"line":27,"column":2}},"locations":[{"start":{"line":14,"column":87},"end":{"line":27,"column":2}}]}},"b":{"0":[3],"1":[0],"2":[9],"3":[3],"4":[0],"5":[0],"6":[3],"7":[3]},"fnMap":{"0":{"name":"getAllPolygons","decl":{"start":{"line":4,"column":30},"end":{"line":12,"column":2}},"loc":{"start":{"line":4,"column":30},"end":{"line":12,"column":2}},"line":4},"1":{"name":"getPolygonDetails","decl":{"start":{"line":14,"column":33},"end":{"line":27,"column":2}},"loc":{"start":{"line":14,"column":33},"end":{"line":27,"column":2}},"line":14},"2":{"name":"AddPolygon","decl":{"start":{"line":29,"column":26},"end":{"line":38,"column":4}},"loc":{"start":{"line":29,"column":26},"end":{"line":38,"column":4}},"line":29}},"f":{"0":3,"1":3,"2":0}}
,"E:\\Learning\\Self try\\Vodafone\\Backend\\src\\db\\polygons.ts": {"path":"E:\\Learning\\Self try\\Vodafone\\Backend\\src\\db\\polygons.ts","all":false,"statementMap":{"0":{"start":{"line":1,"column":0},"end":{"line":1,"column":32}},"1":{"start":{"line":2,"column":0},"end":{"line":2,"column":0}},"2":{"start":{"line":3,"column":0},"end":{"line":3,"column":17}},"3":{"start":{"line":4,"column":0},"end":{"line":4,"column":21}},"4":{"start":{"line":5,"column":0},"end":{"line":5,"column":40}},"5":{"start":{"line":6,"column":0},"end":{"line":6,"column":40}},"6":{"start":{"line":7,"column":0},"end":{"line":7,"column":2}},"7":{"start":{"line":8,"column":0},"end":{"line":8,"column":0}},"8":{"start":{"line":9,"column":0},"end":{"line":9,"column":43}},"9":{"start":{"line":10,"column":0},"end":{"line":10,"column":42}},"10":{"start":{"line":11,"column":0},"end":{"line":11,"column":48}},"11":{"start":{"line":12,"column":0},"end":{"line":12,"column":3}},"12":{"start":{"line":13,"column":0},"end":{"line":13,"column":0}},"13":{"start":{"line":14,"column":0},"end":{"line":14,"column":69}},"14":{"start":{"line":15,"column":0},"end":{"line":15,"column":0}},"15":{"start":{"line":16,"column":0},"end":{"line":16,"column":15}},"16":{"start":{"line":17,"column":0},"end":{"line":17,"column":91}},"17":{"start":{"line":18,"column":0},"end":{"line":18,"column":94}},"18":{"start":{"line":19,"column":0},"end":{"line":19,"column":67}},"19":{"start":{"line":20,"column":0},"end":{"line":20,"column":41}},"20":{"start":{"line":21,"column":0},"end":{"line":21,"column":12}},"21":{"start":{"line":22,"column":0},"end":{"line":22,"column":19}},"22":{"start":{"line":23,"column":0},"end":{"line":23,"column":7}},"23":{"start":{"line":24,"column":0},"end":{"line":24,"column":35}},"24":{"start":{"line":25,"column":0},"end":{"line":25,"column":4}}},"s":{"0":2,"1":2,"2":2,"3":2,"4":2,"5":2,"6":2,"7":2,"8":2,"9":2,"10":2,"11":2,"12":2,"13":2,"14":2,"15":2,"16":2,"17":2,"18":2,"19":0,"20":0,"21":0,"22":0,"23":0,"24":0},"branchMap":{},"b":{},"fnMap":{"0":{"name":"getPolygonNames","decl":{"start":{"line":17,"column":31},"end":{"line":17,"column":90}},"loc":{"start":{"line":17,"column":31},"end":{"line":17,"column":90}},"line":17},"1":{"name":"getPolygonByName","decl":{"start":{"line":18,"column":32},"end":{"line":18,"column":93}},"loc":{"start":{"line":18,"column":32},"end":{"line":18,"column":93}},"line":18},"2":{"name":"createPolygon","decl":{"start":{"line":19,"column":29},"end":{"line":25,"column":4}},"loc":{"start":{"line":19,"column":29},"end":{"line":25,"column":4}},"line":19},"3":{"name":"getPolygonNames","decl":{"start":{"line":17,"column":31},"end":{"line":17,"column":91}},"loc":{"start":{"line":17,"column":31},"end":{"line":17,"column":91}},"line":17},"4":{"name":"getPolygonByName","decl":{"start":{"line":18,"column":32},"end":{"line":18,"column":94}},"loc":{"start":{"line":18,"column":32},"end":{"line":18,"column":94}},"line":18}},"f":{"0":0,"1":0,"2":0,"3":0,"4":0}}
,"E:\\Learning\\Self try\\Vodafone\\Backend\\src\\db\\users.ts": {"path":"E:\\Learning\\Self try\\Vodafone\\Backend\\src\\db\\users.ts","all":false,"statementMap":{"0":{"start":{"line":1,"column":0},"end":{"line":1,"column":32}},"1":{"start":{"line":2,"column":0},"end":{"line":2,"column":0}},"2":{"start":{"line":3,"column":0},"end":{"line":3,"column":14}},"3":{"start":{"line":4,"column":0},"end":{"line":4,"column":47}},"4":{"start":{"line":5,"column":0},"end":{"line":5,"column":42}},"5":{"start":{"line":6,"column":0},"end":{"line":6,"column":19}},"6":{"start":{"line":7,"column":0},"end":{"line":7,"column":62}},"7":{"start":{"line":8,"column":0},"end":{"line":8,"column":42}},"8":{"start":{"line":9,"column":0},"end":{"line":9,"column":50}},"9":{"start":{"line":10,"column":0},"end":{"line":10,"column":4}},"10":{"start":{"line":11,"column":0},"end":{"line":11,"column":3}},"11":{"start":{"line":12,"column":0},"end":{"line":12,"column":0}},"12":{"start":{"line":13,"column":0},"end":{"line":13,"column":40}},"13":{"start":{"line":14,"column":0},"end":{"line":14,"column":16}},"14":{"start":{"line":15,"column":0},"end":{"line":15,"column":19}},"15":{"start":{"line":16,"column":0},"end":{"line":16,"column":21}},"16":{"start":{"line":17,"column":0},"end":{"line":17,"column":18}},"17":{"start":{"line":18,"column":0},"end":{"line":18,"column":26}},"18":{"start":{"line":19,"column":0},"end":{"line":19,"column":4}},"19":{"start":{"line":20,"column":0},"end":{"line":20,"column":1}},"20":{"start":{"line":21,"column":0},"end":{"line":21,"column":0}},"21":{"start":{"line":22,"column":0},"end":{"line":22,"column":66}},"22":{"start":{"line":23,"column":0},"end":{"line":23,"column":0}},"23":{"start":{"line":24,"column":0},"end":{"line":24,"column":15}},"24":{"start":{"line":25,"column":0},"end":{"line":25,"column":47}},"25":{"start":{"line":26,"column":0},"end":{"line":26,"column":78}},"26":{"start":{"line":27,"column":0},"end":{"line":27,"column":130}},"27":{"start":{"line":28,"column":0},"end":{"line":28,"column":120}}},"s":{"0":2,"1":2,"2":2,"3":2,"4":2,"5":2,"6":2,"7":2,"8":2,"9":2,"10":2,"11":2,"12":2,"13":2,"14":2,"15":2,"16":2,"17":2,"18":2,"19":2,"20":2,"21":2,"22":2,"23":2,"24":2,"25":2,"26":2,"27":2},"branchMap":{},"b":{},"fnMap":{"0":{"name":"getUsers","decl":{"start":{"line":25,"column":24},"end":{"line":25,"column":46}},"loc":{"start":{"line":25,"column":24},"end":{"line":25,"column":46}},"line":25},"1":{"name":"getUserByEmail","decl":{"start":{"line":26,"column":30},"end":{"line":26,"column":77}},"loc":{"start":{"line":26,"column":30},"end":{"line":26,"column":77}},"line":26},"2":{"name":"getUserBySessionToken","decl":{"start":{"line":27,"column":37},"end":{"line":27,"column":129}},"loc":{"start":{"line":27,"column":37},"end":{"line":27,"column":129}},"line":27},"3":{"name":"createUser","decl":{"start":{"line":28,"column":26},"end":{"line":28,"column":119}},"loc":{"start":{"line":28,"column":26},"end":{"line":28,"column":119}},"line":28}},"f":{"0":0,"1":0,"2":0,"3":0}}
}
