TN:
SF:src\controllers\Users.ts
FN:7,getAllUsers
FNF:1
FNH:1
FNDA:6,getAllUsers
DA:1,2
DA:2,2
DA:3,2
DA:4,2
DA:5,2
DA:6,2
DA:7,2
DA:8,6
DA:9,6
DA:10,6
DA:11,3
DA:12,6
DA:13,6
DA:14,6
DA:15,6
DA:16,6
LF:16
LH:16
BRDA:7,0,0,6
BRDA:11,1,0,3
BRDA:7,2,0,6
BRF:3
BRH:3
end_of_record
TN:
SF:src\controllers\polygon.ts
FN:7,getAllPolygons
FN:19,getPolygonDetails
FN:36,AddPolygon
FN:48,FindPolygonsByPoints
FNF:4
FNH:2
FNDA:3,getAllPolygons
FNDA:3,getPolygonDetails
FNDA:0,AddPolygon
FNDA:0,FindPolygonsByPoints
DA:1,2
DA:2,2
DA:3,2
DA:4,2
DA:5,2
DA:6,2
DA:7,2
DA:8,3
DA:9,3
DA:10,3
DA:11,3
DA:12,3
DA:13,0
DA:14,0
DA:15,0
DA:16,3
DA:17,2
DA:18,2
DA:19,2
DA:20,3
DA:21,3
DA:22,3
DA:23,3
DA:24,3
DA:25,0
DA:26,0
DA:27,3
DA:28,3
DA:29,3
DA:30,0
DA:31,0
DA:32,0
DA:33,3
DA:34,2
DA:35,2
DA:36,2
DA:37,0
DA:38,0
DA:39,0
DA:40,0
DA:41,0
DA:42,0
DA:43,0
DA:44,0
DA:45,0
DA:46,2
DA:47,2
DA:48,2
DA:49,0
DA:50,0
DA:51,0
DA:52,0
DA:53,0
DA:54,0
DA:55,0
DA:56,0
DA:57,0
DA:58,0
DA:59,0
DA:60,0
DA:61,0
DA:62,0
DA:63,0
DA:64,0
DA:65,0
LF:65
LH:31
BRDA:7,0,0,3
BRDA:12,1,0,0
BRDA:11,2,0,9
BRDA:19,3,0,3
BRDA:24,4,0,0
BRDA:29,5,0,0
BRDA:7,6,0,3
BRDA:19,7,0,3
BRF:8
BRH:5
end_of_record
TN:
SF:src\db\polygons.ts
FN:30,getPolygonNames
FN:33,getPolygonByName
FN:36,createPolygon
FN:59,findPolygonsContainingPoints
FN:30,getPolygonNames
FN:33,getPolygonByName
FNF:6
FNH:0
FNDA:0,getPolygonNames
FNDA:0,getPolygonByName
FNDA:0,createPolygon
FNDA:0,findPolygonsContainingPoints
FNDA:0,getPolygonNames
FNDA:0,getPolygonByName
DA:1,2
DA:2,2
DA:3,2
DA:4,2
DA:5,2
DA:6,2
DA:7,2
DA:8,2
DA:9,2
DA:10,2
DA:11,2
DA:12,2
DA:13,2
DA:14,2
DA:15,2
DA:16,2
DA:17,2
DA:18,2
DA:19,2
DA:20,2
DA:21,2
DA:22,2
DA:23,2
DA:24,2
DA:25,2
DA:26,2
DA:27,2
DA:28,2
DA:29,2
DA:30,2
DA:31,2
DA:32,2
DA:33,2
DA:34,2
DA:35,2
DA:36,2
DA:37,0
DA:38,0
DA:39,0
DA:40,0
DA:41,0
DA:42,0
DA:43,0
DA:44,0
DA:45,0
DA:46,0
DA:47,0
DA:48,0
DA:49,0
DA:50,0
DA:51,0
DA:52,0
DA:53,0
DA:54,0
DA:55,2
DA:56,2
DA:57,2
DA:58,2
DA:59,2
DA:60,0
DA:61,0
DA:62,0
DA:63,0
DA:64,0
DA:65,0
DA:66,0
DA:67,0
DA:68,0
DA:69,0
DA:70,0
DA:71,0
DA:72,0
DA:73,0
LF:73
LH:41
BRF:0
BRH:0
end_of_record
TN:
SF:src\db\users.ts
FN:27,getUsers
FN:28,getUserByEmail
FN:29,getUserBySessionToken
FN:30,createUser
FNF:4
FNH:0
FNDA:0,getUsers
FNDA:0,getUserByEmail
FNDA:0,getUserBySessionToken
FNDA:0,createUser
DA:1,2
DA:2,2
DA:3,2
DA:4,2
DA:5,2
DA:6,2
DA:7,2
DA:8,2
DA:9,2
DA:10,2
DA:11,2
DA:12,2
DA:13,2
DA:14,2
DA:15,2
DA:16,2
DA:17,2
DA:18,2
DA:19,2
DA:20,2
DA:21,2
DA:22,2
DA:23,2
DA:24,2
DA:25,2
DA:26,2
DA:27,2
DA:28,2
DA:29,2
DA:30,2
LF:30
LH:30
BRF:0
BRH:0
end_of_record
