TN:
SF:src\controllers\Users.ts
FN:4,getAllUsers
FNF:1
FNH:1
FNDA:6,getAllUsers
DA:1,2
DA:2,2
DA:3,2
DA:4,2
DA:5,6
DA:6,6
DA:7,3
DA:8,6
DA:9,6
DA:10,6
DA:11,6
DA:12,6
LF:12
LH:12
BRDA:4,0,0,6
BRDA:7,1,0,3
BRDA:4,2,0,6
BRF:3
BRH:3
end_of_record
TN:
SF:src\controllers\polygon.ts
FN:4,getAllPolygons
FN:14,getPolygonDetails
FN:29,AddPolygon
FNF:3
FNH:2
FNDA:3,getAllPolygons
FNDA:3,getPolygonDetails
FNDA:0,AddPolygon
DA:1,2
DA:2,2
DA:3,2
DA:4,2
DA:5,3
DA:6,3
DA:7,3
DA:8,3
DA:9,0
DA:10,0
DA:11,0
DA:12,3
DA:13,2
DA:14,2
DA:15,3
DA:16,3
DA:17,3
DA:18,3
DA:19,0
DA:20,0
DA:21,3
DA:22,3
DA:23,3
DA:24,0
DA:25,0
DA:26,0
DA:27,3
DA:28,2
DA:29,2
DA:30,0
DA:31,0
DA:32,0
DA:33,0
DA:34,0
DA:35,0
DA:36,0
DA:37,0
DA:38,0
LF:38
LH:21
BRDA:4,0,0,3
BRDA:8,1,0,0
BRDA:7,2,0,9
BRDA:14,3,0,3
BRDA:18,4,0,0
BRDA:23,5,0,0
BRDA:4,6,0,3
BRDA:14,7,0,3
BRF:8
BRH:5
end_of_record
TN:
SF:src\db\polygons.ts
FN:17,getPolygonNames
FN:18,getPolygonByName
FN:19,createPolygon
FN:17,getPolygonNames
FN:18,getPolygonByName
FNF:5
FNH:0
FNDA:0,getPolygonNames
FNDA:0,getPolygonByName
FNDA:0,createPolygon
FNDA:0,getPolygonNames
FNDA:0,getPolygonByName
DA:1,2
DA:2,2
DA:3,2
DA:4,2
DA:5,2
DA:6,2
DA:7,2
DA:8,2
DA:9,2
DA:10,2
DA:11,2
DA:12,2
DA:13,2
DA:14,2
DA:15,2
DA:16,2
DA:17,2
DA:18,2
DA:19,2
DA:20,0
DA:21,0
DA:22,0
DA:23,0
DA:24,0
DA:25,0
LF:25
LH:19
BRF:0
BRH:0
end_of_record
TN:
SF:src\db\users.ts
FN:25,getUsers
FN:26,getUserByEmail
FN:27,getUserBySessionToken
FN:28,createUser
FNF:4
FNH:0
FNDA:0,getUsers
FNDA:0,getUserByEmail
FNDA:0,getUserBySessionToken
FNDA:0,createUser
DA:1,2
DA:2,2
DA:3,2
DA:4,2
DA:5,2
DA:6,2
DA:7,2
DA:8,2
DA:9,2
DA:10,2
DA:11,2
DA:12,2
DA:13,2
DA:14,2
DA:15,2
DA:16,2
DA:17,2
DA:18,2
DA:19,2
DA:20,2
DA:21,2
DA:22,2
DA:23,2
DA:24,2
DA:25,2
DA:26,2
DA:27,2
DA:28,2
LF:28
LH:28
BRF:0
BRH:0
end_of_record
